<?xml version="1.0" encoding="UTF-8"?>
<testsuite errors="0" failures="0" hostname="" id="0" name="Jest" package="item-selector.item-selector-taglib" skipped="0" tests="28" time="0" timestamp="1604567945957">
  <testcase classname="item-selector.item-selector-taglib.test.item_selector_preview" name="Footer renders the Footer component" time="0.038">
  </testcase>
  <testcase classname="item-selector.item-selector-taglib.test.item_selector_preview" name="Carousel renders the Carousel component with the sidenav-container class" time="0.088">
  </testcase>
  <testcase classname="item-selector.item-selector-taglib.test.item_selector_preview" name="Carousel renders sidenav content inside the sidenav container" time="0.027">
  </testcase>
  <testcase classname="item-selector.item-selector-taglib.test.item_selector_preview" name="Carousel renders an image with alt attribute" time="0.03">
  </testcase>
  <testcase classname="item-selector.item-selector-taglib.test.item_selector_preview" name="Arrow elements renders left and right arrows as buttons" time="0.011">
  </testcase>
  <testcase classname="item-selector.item-selector-taglib.test.item_selector_preview" name="Arrow elements does not render arrows if prop &quot;showArrows&quot; is false" time="0.008">
  </testcase>
  <testcase classname="item-selector.item-selector-taglib.test.item_selector_preview" name="Arrow elements calls to handleClickPrevious when left arrow is clicked" time="0.016">
  </testcase>
  <testcase classname="item-selector.item-selector-taglib.test.item_selector_preview" name="Infopanel renders the Carousel component with the info panel closed" time="0.008">
  </testcase>
  <testcase classname="item-selector.item-selector-taglib.test.item_selector_preview" name="Infopanel renders item data on the info panel" time="0.01">
  </testcase>
  <testcase classname="item-selector.item-selector-taglib.test.item_selector_preview" name="ItemSelectorPreview initialize the sidebar only once" time="0.06">
  </testcase>
  <testcase classname="item-selector.item-selector-taglib.test.item_selector_preview" name="ItemSelectorPreview renders the ItemSelectorPreview component with the fullscreen class" time="0.016">
  </testcase>
  <testcase classname="item-selector.item-selector-taglib.test.item_selector_preview" name="ItemSelectorPreview renders the header component" time="0.032">
  </testcase>
  <testcase classname="item-selector.item-selector-taglib.test.item_selector_preview" name="ItemSelectorPreview renders the carousel component" time="0.023">
  </testcase>
  <testcase classname="item-selector.item-selector-taglib.test.item_selector_preview" name="ItemSelectorPreview renders a specific item" time="0.017">
  </testcase>
  <testcase classname="item-selector.item-selector-taglib.test.item_selector_preview" name="ItemSelectorPreview shows the next item when requested" time="0.05">
  </testcase>
  <testcase classname="item-selector.item-selector-taglib.test.item_selector_preview" name="ItemSelectorPreview returns to the first item when requested the next item for the last one" time="0.02">
  </testcase>
  <testcase classname="item-selector.item-selector-taglib.test.item_selector_preview" name="ItemSelectorPreview shows the previous item when pressed the left key event" time="0.023">
  </testcase>
  <testcase classname="item-selector.item-selector-taglib.test.item_selector_preview" name="ItemSelectorPreview handleSelectedItem is called when Add button is clicked" time="0.016">
  </testcase>
  <testcase classname="item-selector.item-selector-taglib.test.item_selector_preview" name="Header renders the Header component as a navigation bar" time="0.039">
  </testcase>
  <testcase classname="item-selector.item-selector-taglib.test.item_selector_preview" name="Header renders the Header component as a light navigation bar" time="0.006">
  </testcase>
  <testcase classname="item-selector.item-selector-taglib.test.item_selector_preview" name="Header renders two navigation bars inside the first one" time="0.013">
  </testcase>
  <testcase classname="item-selector.item-selector-taglib.test.item_selector_preview" name="Header renders the back button with &quot;angle-left&quot; icon on the first nav item" time="0.011">
  </testcase>
  <testcase classname="item-selector.item-selector-taglib.test.item_selector_preview" name="Header renders the header title" time="0.012">
  </testcase>
  <testcase classname="item-selector.item-selector-taglib.test.item_selector_preview" name="Header calls to handleClickBack when click on back button" time="0.022">
  </testcase>
  <testcase classname="item-selector.item-selector-taglib.test.item_selector_preview" name="Header renders the &quot;Add&quot; button on the second nav item with class &quot;btn-primary&quot;" time="0.005">
  </testcase>
  <testcase classname="item-selector.item-selector-taglib.test.item_selector_preview" name="Header calls to handleClickAdd when click on the Add button" time="0.011">
  </testcase>
  <testcase classname="item-selector.item-selector-taglib.test.item_selector_preview" name="Header renders the &quot;info-panel-open&quot; icon when &quot;showInfoIcon&quot; prop is set to true" time="0.007">
  </testcase>
  <testcase classname="item-selector.item-selector-taglib.test.item_selector_preview" name="Header does not render the &quot;info-panel-open&quot; icon when &quot;showInfoIcon&quot; prop is set to false" time="0.005">
  </testcase>
</testsuite>